<?xml version="1.0" encoding="UTF-8"?>
<robot generator="Robot 4.1.1 (Python 3.9.13 on win32)" generated="20240201 13:43:16.838" rpa="false" schemaversion="2">
<suite id="s1" name="Aluno" source="C:\Projetos\Globo\GloboSmartTV\apresentacao\cenario1\testsuite\Aluno.robot">
<kw name="Before Suite" library="environment" type="SETUP">
<kw name="Create Directory" library="OperatingSystem">
<arg>${path_screenshots}/${SUITE NAME}</arg>
<doc>Creates the specified directory.</doc>
<msg timestamp="20240201 13:43:27.876" level="INFO" html="true">Directory '&lt;a href="file://C:\Projetos\Globo\GloboSmartTV\apresentacao\cenario1\screenshots\Aluno"&gt;C:\Projetos\Globo\GloboSmartTV\apresentacao\cenario1\screenshots\Aluno&lt;/a&gt;' already exists.</msg>
<status status="PASS" starttime="20240201 13:43:27.853" endtime="20240201 13:43:27.876"/>
</kw>
<kw name="Empty Directory" library="OperatingSystem">
<arg>${path_screenshots}/${SUITE NAME}</arg>
<doc>Deletes all the content from the given directory.</doc>
<msg timestamp="20240201 13:43:27.901" level="INFO" html="true">Listing contents of directory '&lt;a href="file://C:\Projetos\Globo\GloboSmartTV\apresentacao\cenario1\screenshots\Aluno"&gt;C:\Projetos\Globo\GloboSmartTV\apresentacao\cenario1\screenshots\Aluno&lt;/a&gt;'.</msg>
<msg timestamp="20240201 13:43:27.911" level="INFO" html="true">Emptied directory '&lt;a href="file://C:\Projetos\Globo\GloboSmartTV\apresentacao\cenario1\screenshots\Aluno"&gt;C:\Projetos\Globo\GloboSmartTV\apresentacao\cenario1\screenshots\Aluno&lt;/a&gt;'.</msg>
<status status="PASS" starttime="20240201 13:43:27.886" endtime="20240201 13:43:27.913"/>
</kw>
<kw name="Remove Files" library="OperatingSystem">
<arg>${EXECDIR}/geckodriver-*.log</arg>
<doc>Uses `Remove File` to remove multiple files one-by-one.</doc>
<msg timestamp="20240201 13:43:27.925" level="INFO" html="true">File '&lt;a href="file://C:\Projetos\Globo\GloboSmartTV\apresentacao\cenario1\geckodriver-*.log"&gt;C:\Projetos\Globo\GloboSmartTV\apresentacao\cenario1\geckodriver-*.log&lt;/a&gt;' does not exist.</msg>
<status status="PASS" starttime="20240201 13:43:27.916" endtime="20240201 13:43:27.925"/>
</kw>
<status status="PASS" starttime="20240201 13:43:27.844" endtime="20240201 13:43:27.931"/>
</kw>
<test id="s1-t1" name="Buscar aluno pelo filtro de cidade">
<kw name="Before Scenario" library="environment" type="SETUP">
<kw name="Open Browser" library="SeleniumLibrary">
<arg>${url}</arg>
<arg>chrome</arg>
<arg>options=${browserOptions_chrome}</arg>
<doc>Opens a new browser instance to the optional ``url``.</doc>
<msg timestamp="20240201 13:43:27.983" level="INFO">Opening browser 'chrome' to base url 'https://www.jtable.org/Demo/Filtering/'.</msg>
<status status="PASS" starttime="20240201 13:43:27.966" endtime="20240201 13:43:39.065"/>
</kw>
<status status="PASS" starttime="20240201 13:43:27.951" endtime="20240201 13:43:39.065"/>
</kw>
<kw name="Dado que realizei o acesso ao sistema de alunos" library="BDDptbr" sourcename="Dado ${keyword}">
<kw name="Run Keyword" library="BuiltIn">
<arg>${keyword}</arg>
<doc>Executes the given keyword with the given arguments.</doc>
<kw name="que realizei o acesso ao sistema de alunos" library="keywords.resource">
<kw name="Run Keyword And Ignore Error" library="BuiltIn">
<var>${validaTelaAluno}</var>
<arg>Wait until element is visible</arg>
<arg>${alunos.telaAlunos}</arg>
<arg>5s</arg>
<doc>Runs the given keyword with the given arguments and ignores possible error.</doc>
<kw name="Wait Until Element Is Visible" library="SeleniumLibrary">
<arg>${alunos.telaAlunos}</arg>
<arg>5s</arg>
<doc>Waits until the element ``locator`` is visible.</doc>
<status status="PASS" starttime="20240201 13:43:39.072" endtime="20240201 13:43:39.262"/>
</kw>
<msg timestamp="20240201 13:43:39.262" level="INFO">${validaTelaAluno} = ('PASS', None)</msg>
<status status="PASS" starttime="20240201 13:43:39.072" endtime="20240201 13:43:39.262"/>
</kw>
<status status="PASS" starttime="20240201 13:43:39.071" endtime="20240201 13:43:39.262"/>
</kw>
<status status="PASS" starttime="20240201 13:43:39.065" endtime="20240201 13:43:39.262"/>
</kw>
<status status="PASS" starttime="20240201 13:43:39.065" endtime="20240201 13:43:39.262"/>
</kw>
<kw name="E seleciono o item Rio de Janeiro na lista de cidade dos alunos" library="BDDptbr" sourcename="E ${keyword}">
<kw name="Run Keyword" library="BuiltIn">
<arg>${keyword}</arg>
<doc>Executes the given keyword with the given arguments.</doc>
<kw name="seleciono o item Rio de Janeiro na lista de cidade dos alunos" library="keywords.resource" sourcename="seleciono o item ${cidade} na lista de cidade dos alunos">
<kw name="seleciono a lista de cidades dos alunos" library="keywords.resource">
<kw name="Click Element" library="SeleniumLibrary">
<arg>${alunos.cbbCidades}</arg>
<doc>Click the element identified by ``locator``.</doc>
<msg timestamp="20240201 13:43:39.275" level="INFO">Clicking element '//*[@id="cityId"]'.</msg>
<status status="PASS" starttime="20240201 13:43:39.267" endtime="20240201 13:43:39.484"/>
</kw>
<kw name="Sleep" library="BuiltIn">
<arg>4s</arg>
<doc>Pauses the test executed for the given time.</doc>
<msg timestamp="20240201 13:43:43.489" level="INFO">Slept 4 seconds</msg>
<status status="PASS" starttime="20240201 13:43:39.486" endtime="20240201 13:43:43.489"/>
</kw>
<status status="PASS" starttime="20240201 13:43:39.267" endtime="20240201 13:43:43.489"/>
</kw>
<kw name="Select From List By Label" library="SeleniumLibrary">
<arg>${alunos.cbbCidades}</arg>
<arg>${cidade}</arg>
<doc>Selects options from selection list ``locator`` by ``labels``.</doc>
<msg timestamp="20240201 13:43:43.489" level="INFO">Selecting options from selection list '//*[@id="cityId"]' by label Rio de Janeiro.</msg>
<status status="PASS" starttime="20240201 13:43:43.489" endtime="20240201 13:43:50.677"/>
</kw>
<kw name="Sleep" library="BuiltIn">
<arg>4s</arg>
<doc>Pauses the test executed for the given time.</doc>
<msg timestamp="20240201 13:43:54.698" level="INFO">Slept 4 seconds</msg>
<status status="PASS" starttime="20240201 13:43:50.678" endtime="20240201 13:43:54.708"/>
</kw>
<status status="PASS" starttime="20240201 13:43:39.267" endtime="20240201 13:43:54.719"/>
</kw>
<status status="PASS" starttime="20240201 13:43:39.267" endtime="20240201 13:43:54.725"/>
</kw>
<status status="PASS" starttime="20240201 13:43:39.267" endtime="20240201 13:43:54.732"/>
</kw>
<kw name="E clico no botão Load records" library="BDDptbr" sourcename="E ${keyword}">
<kw name="Run Keyword" library="BuiltIn">
<arg>${keyword}</arg>
<doc>Executes the given keyword with the given arguments.</doc>
<kw name="clico no botão Load records" library="keywords.resource">
<kw name="Click Element" library="SeleniumLibrary">
<arg>${alunos.btnLoadRecords}</arg>
<doc>Click the element identified by ``locator``.</doc>
<msg timestamp="20240201 13:43:54.828" level="INFO">Clicking element '//*[@id="LoadRecordsButton"]'.</msg>
<status status="PASS" starttime="20240201 13:43:54.782" endtime="20240201 13:43:54.962"/>
</kw>
<kw name="Sleep" library="BuiltIn">
<arg>4s</arg>
<doc>Pauses the test executed for the given time.</doc>
<msg timestamp="20240201 13:43:58.994" level="INFO">Slept 4 seconds</msg>
<status status="PASS" starttime="20240201 13:43:54.962" endtime="20240201 13:43:59.000"/>
</kw>
<status status="PASS" starttime="20240201 13:43:54.763" endtime="20240201 13:43:59.005"/>
</kw>
<status status="PASS" starttime="20240201 13:43:54.754" endtime="20240201 13:43:59.010"/>
</kw>
<status status="PASS" starttime="20240201 13:43:54.739" endtime="20240201 13:43:59.017"/>
</kw>
<kw name="Então a tabela Student List será atualizada com uma quantidade de registros maior ou igual a 1" library="BDDptbr" sourcename="Então ${keyword}">
<kw name="Run Keyword" library="BuiltIn">
<arg>${keyword}</arg>
<doc>Executes the given keyword with the given arguments.</doc>
<kw name="a tabela Student List será atualizada com uma quantidade de registros maior ou igual a 1" library="keywords.resource" sourcename="a tabela Student List será atualizada com uma quantidade de registros maior ou igual a ${qtdEsperada}">
<kw name="Wait Until Element Is Visible" library="SeleniumLibrary">
<arg>${alunos.linhasTabelaStudents}</arg>
<arg>5s</arg>
<doc>Waits until the element ``locator`` is visible.</doc>
<status status="PASS" starttime="20240201 13:43:59.568" endtime="20240201 13:43:59.999"/>
</kw>
<kw name="Get WebElements" library="SeleniumLibrary">
<var>${list_linhasTabela}</var>
<arg>${alunos.linhasTabelaStudents}</arg>
<doc>Returns a list of WebElement objects matching the ``locator``.</doc>
<msg timestamp="20240201 13:44:00.485" level="INFO">${list_linhasTabela} = [&lt;selenium.webdriver.remote.webelement.WebElement (session="3c41d7b3467665cb251cbe1cce14cc7b", element="A1FA2B4E9AC884BD94E238651E11A906_element_48")&gt;]</msg>
<status status="PASS" starttime="20240201 13:43:59.999" endtime="20240201 13:44:00.485"/>
</kw>
<kw name="Get Length" library="BuiltIn">
<var>${qtdEncontrada}</var>
<arg>${list_linhasTabela}</arg>
<doc>Returns and logs the length of the given item as an integer.</doc>
<msg timestamp="20240201 13:44:00.486" level="INFO">Length is 1</msg>
<msg timestamp="20240201 13:44:00.486" level="INFO">${qtdEncontrada} = 1</msg>
<status status="PASS" starttime="20240201 13:44:00.486" endtime="20240201 13:44:00.486"/>
</kw>
<kw name="Should Be True" library="BuiltIn">
<arg>'${qtdEncontrada}' &gt;= '${qtdEsperada}'</arg>
<doc>Fails if the given condition is not true.</doc>
<status status="PASS" starttime="20240201 13:44:00.486" endtime="20240201 13:44:00.486"/>
</kw>
<kw name="Sleep" library="BuiltIn">
<arg>4s</arg>
<doc>Pauses the test executed for the given time.</doc>
<msg timestamp="20240201 13:44:04.490" level="INFO">Slept 4 seconds</msg>
<status status="PASS" starttime="20240201 13:44:00.486" endtime="20240201 13:44:04.490"/>
</kw>
<status status="PASS" starttime="20240201 13:43:59.550" endtime="20240201 13:44:04.490"/>
</kw>
<status status="PASS" starttime="20240201 13:43:59.445" endtime="20240201 13:44:04.490"/>
</kw>
<status status="PASS" starttime="20240201 13:43:59.281" endtime="20240201 13:44:04.492"/>
</kw>
<kw name="After Scenario" library="environment" type="TEARDOWN">
<kw name="Set Screenshot Directory" library="SeleniumLibrary">
<arg>${path_screenshots}/${SUITE NAME}</arg>
<doc>Sets the directory for captured screenshots.</doc>
<status status="PASS" starttime="20240201 13:44:04.519" endtime="20240201 13:44:04.521"/>
</kw>
<kw name="Capture Page Screenshot" library="SeleniumLibrary">
<doc>Takes a screenshot of the current page and embeds it into a log file.</doc>
<msg timestamp="20240201 13:44:05.194" level="INFO" html="true">&lt;/td&gt;&lt;/tr&gt;&lt;tr&gt;&lt;td colspan="3"&gt;&lt;a href="screenshots/Aluno/selenium-screenshot-1.png"&gt;&lt;img src="screenshots/Aluno/selenium-screenshot-1.png" width="800px"&gt;&lt;/a&gt;</msg>
<status status="PASS" starttime="20240201 13:44:04.521" endtime="20240201 13:44:05.194"/>
</kw>
<kw name="Remove Files" library="OperatingSystem">
<arg>${EXECDIR}/selenium-screenshot*</arg>
<doc>Uses `Remove File` to remove multiple files one-by-one.</doc>
<msg timestamp="20240201 13:44:05.196" level="INFO" html="true">File '&lt;a href="file://C:\Projetos\Globo\GloboSmartTV\apresentacao\cenario1\selenium-screenshot*"&gt;C:\Projetos\Globo\GloboSmartTV\apresentacao\cenario1\selenium-screenshot*&lt;/a&gt;' does not exist.</msg>
<status status="PASS" starttime="20240201 13:44:05.194" endtime="20240201 13:44:05.197"/>
</kw>
<kw name="Close All Browsers" library="SeleniumLibrary">
<doc>Closes all open browsers and resets the browser cache.</doc>
<status status="PASS" starttime="20240201 13:44:05.197" endtime="20240201 13:44:11.403"/>
</kw>
<status status="PASS" starttime="20240201 13:44:04.518" endtime="20240201 13:44:11.403"/>
</kw>
<tag>Aluno</tag>
<tag>Filtro_Cidade</tag>
<tag>Fluxo_Positivo</tag>
<status status="PASS" starttime="20240201 13:43:27.934" endtime="20240201 13:44:11.420"/>
</test>
<doc>Validação de fluxos e funcionalidades presentes na Home</doc>
<status status="PASS" starttime="20240201 13:43:16.865" endtime="20240201 13:44:11.801"/>
</suite>
<statistics>
<total>
<stat pass="1" fail="0" skip="0">All Tests</stat>
</total>
<tag>
<stat pass="1" fail="0" skip="0">Aluno</stat>
<stat pass="1" fail="0" skip="0">Filtro_Cidade</stat>
<stat pass="1" fail="0" skip="0">Fluxo_Positivo</stat>
</tag>
<suite>
<stat pass="1" fail="0" skip="0" id="s1" name="Aluno">Aluno</stat>
</suite>
</statistics>
<errors>
</errors>
</robot>
